<?xml version="1.0" encoding="UTF-8"?>
<testng-results ignored="0" total="1" passed="1" failed="0" skipped="0">
  <reporter-output>
  </reporter-output>
  <suite started-at="2023-08-09T15:18:02 IST" name="Default suite" finished-at="2023-08-09T15:19:28 IST" duration-ms="86011">
    <groups>
    </groups>
    <test started-at="2023-08-09T15:18:02 IST" name="Default test" finished-at="2023-08-09T15:19:28 IST" duration-ms="86011">
      <class name="testng.testcasefile">
        <test-method is-config="true" signature="beforeclass()[pri:0, instance:testng.testcasefile@1583741e]" started-at="2023-08-09T15:18:02 IST" name="beforeclass" finished-at="2023-08-09T15:18:02 IST" duration-ms="19" status="PASS">
          <reporter-output>
          </reporter-output>
        </test-method> <!-- beforeclass -->
        <test-method is-config="true" signature="launch()[pri:0, instance:testng.testcasefile@1583741e]" started-at="2023-08-09T15:18:02 IST" name="launch" finished-at="2023-08-09T15:19:12 IST" duration-ms="70187" status="PASS">
          <reporter-output>
          </reporter-output>
        </test-method> <!-- launch -->
        <test-method signature="order_men_browncompetehoodie()[pri:0, instance:testng.testcasefile@1583741e]" started-at="2023-08-09T15:19:12 IST" name="order_men_browncompetehoodie" finished-at="2023-08-09T15:19:27 IST" duration-ms="15025" status="PASS">
          <reporter-output>
          </reporter-output>
        </test-method> <!-- order_men_browncompetehoodie -->
        <test-method is-config="true" signature="quit()[pri:0, instance:testng.testcasefile@1583741e]" started-at="2023-08-09T15:19:27 IST" name="quit" finished-at="2023-08-09T15:19:28 IST" duration-ms="700" status="PASS">
          <reporter-output>
          </reporter-output>
        </test-method> <!-- quit -->
      </class> <!-- testng.testcasefile -->
    </test> <!-- Default test -->
  </suite> <!-- Default suite -->
</testng-results>
